[0.336s] DEBUG:colcon:Command line arguments: ['/usr/bin/colcon', 'build']
[0.336s] DEBUG:colcon:Parsed command line arguments: Namespace(ament_cmake_args=None, base_paths=['.'], build_base='build', catkin_cmake_args=None, catkin_skip_building_tests=False, cmake_args=None, cmake_clean_cache=False, cmake_clean_first=False, cmake_force_configure=False, cmake_target=None, cmake_target_skip_unavailable=False, continue_on_error=False, event_handlers=None, executor='parallel', ignore_user_meta=False, install_base='install', log_base=None, log_level=None, main=<bound method BuildVerb.main of <colcon_core.verb.build.BuildVerb object at 0x7febc52d8908>>, merge_install=False, metas=['./colcon.meta'], packages_above=None, packages_above_and_dependencies=None, packages_above_depth=None, packages_end=None, packages_ignore=None, packages_ignore_regex=None, packages_select=None, packages_select_build_failed=False, packages_select_by_dep=None, packages_select_regex=None, packages_select_test_failures=False, packages_skip=None, packages_skip_build_finished=False, packages_skip_by_dep=None, packages_skip_regex=None, packages_skip_test_passed=False, packages_skip_up_to=None, packages_start=None, packages_up_to=None, packages_up_to_regex=None, parallel_workers=6, paths=None, symlink_install=False, test_result_base=None, verb_extension=<colcon_core.verb.build.BuildVerb object at 0x7febc52d8908>, verb_name='build', verb_parser=<colcon_defaults.argument_parser.defaults.DefaultArgumentsDecorator object at 0x7febc52d8c50>)
[0.344s] Level 1:colcon.colcon_core.package_discovery:discover_packages(colcon_meta) check parameters
[0.344s] Level 1:colcon.colcon_core.package_discovery:discover_packages(recursive) check parameters
[0.344s] Level 1:colcon.colcon_core.package_discovery:discover_packages(ignore) check parameters
[0.344s] Level 1:colcon.colcon_core.package_discovery:discover_packages(path) check parameters
[0.344s] Level 1:colcon.colcon_core.package_discovery:discover_packages(colcon_meta) discover
[0.345s] Level 1:colcon.colcon_core.package_discovery:discover_packages(recursive) discover
[0.345s] INFO:colcon.colcon_core.package_discovery:Crawling recursively for packages in '/home/itolab-chotaro/ros2_detect_ws'
[0.345s] Level 1:colcon.colcon_core.package_identification:_identify(.) by extensions ['ignore', 'ignore_ament_install']
[0.345s] Level 1:colcon.colcon_core.package_identification:_identify(.) by extension 'ignore'
[0.345s] Level 1:colcon.colcon_core.package_identification:_identify(.) by extension 'ignore_ament_install'
[0.345s] Level 1:colcon.colcon_core.package_identification:_identify(.) by extensions ['colcon_pkg']
[0.345s] Level 1:colcon.colcon_core.package_identification:_identify(.) by extension 'colcon_pkg'
[0.345s] Level 1:colcon.colcon_core.package_identification:_identify(.) by extensions ['colcon_meta']
[0.345s] Level 1:colcon.colcon_core.package_identification:_identify(.) by extension 'colcon_meta'
[0.345s] Level 1:colcon.colcon_core.package_identification:_identify(.) by extensions ['ros']
[0.345s] Level 1:colcon.colcon_core.package_identification:_identify(.) by extension 'ros'
[0.355s] Level 1:colcon.colcon_core.package_identification:_identify(.) by extensions ['cmake', 'python']
[0.355s] Level 1:colcon.colcon_core.package_identification:_identify(.) by extension 'cmake'
[0.356s] Level 1:colcon.colcon_core.package_identification:_identify(.) by extension 'python'
[0.356s] Level 1:colcon.colcon_core.package_identification:_identify(.) by extensions ['python_setup_py']
[0.356s] Level 1:colcon.colcon_core.package_identification:_identify(.) by extension 'python_setup_py'
[0.356s] Level 1:colcon.colcon_core.package_identification:_identify(build) by extensions ['ignore', 'ignore_ament_install']
[0.356s] Level 1:colcon.colcon_core.package_identification:_identify(build) by extension 'ignore'
[0.356s] Level 1:colcon.colcon_core.package_identification:_identify(build) ignored
[0.356s] Level 1:colcon.colcon_core.package_identification:_identify(install) by extensions ['ignore', 'ignore_ament_install']
[0.356s] Level 1:colcon.colcon_core.package_identification:_identify(install) by extension 'ignore'
[0.356s] Level 1:colcon.colcon_core.package_identification:_identify(install) ignored
[0.356s] Level 1:colcon.colcon_core.package_identification:_identify(log) by extensions ['ignore', 'ignore_ament_install']
[0.356s] Level 1:colcon.colcon_core.package_identification:_identify(log) by extension 'ignore'
[0.356s] Level 1:colcon.colcon_core.package_identification:_identify(log) ignored
[0.357s] Level 1:colcon.colcon_core.package_identification:_identify(src) by extensions ['ignore', 'ignore_ament_install']
[0.357s] Level 1:colcon.colcon_core.package_identification:_identify(src) by extension 'ignore'
[0.357s] Level 1:colcon.colcon_core.package_identification:_identify(src) by extension 'ignore_ament_install'
[0.357s] Level 1:colcon.colcon_core.package_identification:_identify(src) by extensions ['colcon_pkg']
[0.357s] Level 1:colcon.colcon_core.package_identification:_identify(src) by extension 'colcon_pkg'
[0.357s] Level 1:colcon.colcon_core.package_identification:_identify(src) by extensions ['colcon_meta']
[0.357s] Level 1:colcon.colcon_core.package_identification:_identify(src) by extension 'colcon_meta'
[0.357s] Level 1:colcon.colcon_core.package_identification:_identify(src) by extensions ['ros']
[0.357s] Level 1:colcon.colcon_core.package_identification:_identify(src) by extension 'ros'
[0.357s] Level 1:colcon.colcon_core.package_identification:_identify(src) by extensions ['cmake', 'python']
[0.357s] Level 1:colcon.colcon_core.package_identification:_identify(src) by extension 'cmake'
[0.357s] Level 1:colcon.colcon_core.package_identification:_identify(src) by extension 'python'
[0.357s] Level 1:colcon.colcon_core.package_identification:_identify(src) by extensions ['python_setup_py']
[0.357s] Level 1:colcon.colcon_core.package_identification:_identify(src) by extension 'python_setup_py'
[0.357s] Level 1:colcon.colcon_core.package_identification:_identify(src/ros2_detection) by extensions ['ignore', 'ignore_ament_install']
[0.357s] Level 1:colcon.colcon_core.package_identification:_identify(src/ros2_detection) by extension 'ignore'
[0.357s] Level 1:colcon.colcon_core.package_identification:_identify(src/ros2_detection) by extension 'ignore_ament_install'
[0.357s] Level 1:colcon.colcon_core.package_identification:_identify(src/ros2_detection) by extensions ['colcon_pkg']
[0.357s] Level 1:colcon.colcon_core.package_identification:_identify(src/ros2_detection) by extension 'colcon_pkg'
[0.357s] Level 1:colcon.colcon_core.package_identification:_identify(src/ros2_detection) by extensions ['colcon_meta']
[0.357s] Level 1:colcon.colcon_core.package_identification:_identify(src/ros2_detection) by extension 'colcon_meta'
[0.358s] Level 1:colcon.colcon_core.package_identification:_identify(src/ros2_detection) by extensions ['ros']
[0.358s] Level 1:colcon.colcon_core.package_identification:_identify(src/ros2_detection) by extension 'ros'
[0.360s] DEBUG:colcon.colcon_core.package_identification:Package 'src/ros2_detection' with type 'ros.ament_cmake' and name 'ros2_detection'
[0.360s] Level 1:colcon.colcon_core.package_discovery:discover_packages(recursive) using defaults
[0.361s] Level 1:colcon.colcon_core.package_discovery:discover_packages(ignore) discover
[0.361s] Level 1:colcon.colcon_core.package_discovery:discover_packages(ignore) using defaults
[0.361s] Level 1:colcon.colcon_core.package_discovery:discover_packages(path) discover
[0.361s] Level 1:colcon.colcon_core.package_discovery:discover_packages(path) using defaults
[0.388s] Level 5:colcon.colcon_core.verb:set package 'ros2_detection' build argument 'cmake_args' from command line to 'None'
[0.388s] Level 5:colcon.colcon_core.verb:set package 'ros2_detection' build argument 'cmake_target' from command line to 'None'
[0.388s] Level 5:colcon.colcon_core.verb:set package 'ros2_detection' build argument 'cmake_target_skip_unavailable' from command line to 'False'
[0.388s] Level 5:colcon.colcon_core.verb:set package 'ros2_detection' build argument 'cmake_clean_cache' from command line to 'False'
[0.388s] Level 5:colcon.colcon_core.verb:set package 'ros2_detection' build argument 'cmake_clean_first' from command line to 'False'
[0.388s] Level 5:colcon.colcon_core.verb:set package 'ros2_detection' build argument 'cmake_force_configure' from command line to 'False'
[0.388s] Level 5:colcon.colcon_core.verb:set package 'ros2_detection' build argument 'ament_cmake_args' from command line to 'None'
[0.388s] Level 5:colcon.colcon_core.verb:set package 'ros2_detection' build argument 'catkin_cmake_args' from command line to 'None'
[0.388s] Level 5:colcon.colcon_core.verb:set package 'ros2_detection' build argument 'catkin_skip_building_tests' from command line to 'False'
[0.388s] DEBUG:colcon.colcon_core.verb:Building package 'ros2_detection' with the following arguments: {'ament_cmake_args': None, 'build_base': '/home/itolab-chotaro/ros2_detect_ws/build/ros2_detection', 'catkin_cmake_args': None, 'catkin_skip_building_tests': False, 'cmake_args': None, 'cmake_clean_cache': False, 'cmake_clean_first': False, 'cmake_force_configure': False, 'cmake_target': None, 'cmake_target_skip_unavailable': False, 'install_base': '/home/itolab-chotaro/ros2_detect_ws/install/ros2_detection', 'merge_install': False, 'path': '/home/itolab-chotaro/ros2_detect_ws/src/ros2_detection', 'symlink_install': False, 'test_result_base': None}
[0.388s] INFO:colcon.colcon_core.executor:Executing jobs using 'parallel' executor
[0.390s] DEBUG:colcon.colcon_parallel_executor.executor.parallel:run_until_complete
[0.390s] INFO:colcon.colcon_ros.task.ament_cmake.build:Building ROS package in '/home/itolab-chotaro/ros2_detect_ws/src/ros2_detection' with build type 'ament_cmake'
[0.390s] INFO:colcon.colcon_cmake.task.cmake.build:Building CMake package in '/home/itolab-chotaro/ros2_detect_ws/src/ros2_detection'
[0.397s] INFO:colcon.colcon_core.plugin_system:Skipping extension 'colcon_core.shell.bat': Not used on non-Windows systems
[0.397s] INFO:colcon.colcon_core.shell:Skip shell extension 'powershell' for command environment: Not usable outside of PowerShell
[0.397s] DEBUG:colcon.colcon_core.shell:Skip shell extension 'dsv' for command environment
[0.404s] DEBUG:colcon.colcon_core.shell:Ignoring prefix path '/opt/ros/dashing'
[0.404s] DEBUG:colcon.colcon_core.shell:Ignoring prefix path '/opt/ros/melodic'
[0.409s] DEBUG:colcon.colcon_core.event_handler.log_command:Invoking command in '/home/itolab-chotaro/ros2_detect_ws/build/ros2_detection': CMAKE_PREFIX_PATH=/opt/ros/dashing:${CMAKE_PREFIX_PATH} /home/itolab-chotaro/cmake-3.20.1/bin/cmake /home/itolab-chotaro/ros2_detect_ws/src/ros2_detection -DCMAKE_INSTALL_PREFIX=/home/itolab-chotaro/ros2_detect_ws/install/ros2_detection
[1.532s] DEBUG:colcon.colcon_core.event_handler.log_command:Invoked command in '/home/itolab-chotaro/ros2_detect_ws/build/ros2_detection' returned '0': CMAKE_PREFIX_PATH=/opt/ros/dashing:${CMAKE_PREFIX_PATH} /home/itolab-chotaro/cmake-3.20.1/bin/cmake /home/itolab-chotaro/ros2_detect_ws/src/ros2_detection -DCMAKE_INSTALL_PREFIX=/home/itolab-chotaro/ros2_detect_ws/install/ros2_detection
[1.534s] DEBUG:colcon.colcon_core.event_handler.log_command:Invoking command in '/home/itolab-chotaro/ros2_detect_ws/build/ros2_detection': CMAKE_PREFIX_PATH=/opt/ros/dashing:${CMAKE_PREFIX_PATH} /home/itolab-chotaro/cmake-3.20.1/bin/cmake --build /home/itolab-chotaro/ros2_detect_ws/build/ros2_detection -- -j6 -l6
[1.548s] DEBUG:colcon.colcon_core.event_handler.log_command:Invoked command in '/home/itolab-chotaro/ros2_detect_ws/build/ros2_detection' returned '0': CMAKE_PREFIX_PATH=/opt/ros/dashing:${CMAKE_PREFIX_PATH} /home/itolab-chotaro/cmake-3.20.1/bin/cmake --build /home/itolab-chotaro/ros2_detect_ws/build/ros2_detection -- -j6 -l6
[1.566s] DEBUG:colcon.colcon_core.event_handler.log_command:Invoking command in '/home/itolab-chotaro/ros2_detect_ws/build/ros2_detection': CMAKE_PREFIX_PATH=/opt/ros/dashing:${CMAKE_PREFIX_PATH} /home/itolab-chotaro/cmake-3.20.1/bin/cmake --install /home/itolab-chotaro/ros2_detect_ws/build/ros2_detection
[1.570s] Level 1:colcon.colcon_core.environment:create_environment_scripts_only(ros2_detection)
[1.571s] DEBUG:colcon.colcon_core.event_handler.log_command:Invoked command in '/home/itolab-chotaro/ros2_detect_ws/build/ros2_detection' returned '0': CMAKE_PREFIX_PATH=/opt/ros/dashing:${CMAKE_PREFIX_PATH} /home/itolab-chotaro/cmake-3.20.1/bin/cmake --install /home/itolab-chotaro/ros2_detect_ws/build/ros2_detection
[1.577s] Level 1:colcon.colcon_core.environment:checking '/home/itolab-chotaro/ros2_detect_ws/install/ros2_detection' for CMake module files
[1.577s] Level 1:colcon.colcon_core.environment:checking '/home/itolab-chotaro/ros2_detect_ws/install/ros2_detection' for CMake config files
[1.578s] Level 1:colcon.colcon_core.shell:create_environment_hook('ros2_detection', 'cmake_prefix_path')
[1.578s] INFO:colcon.colcon_core.shell:Creating environment hook '/home/itolab-chotaro/ros2_detect_ws/install/ros2_detection/share/ros2_detection/hook/cmake_prefix_path.ps1'
[1.579s] INFO:colcon.colcon_core.shell:Creating environment descriptor '/home/itolab-chotaro/ros2_detect_ws/install/ros2_detection/share/ros2_detection/hook/cmake_prefix_path.dsv'
[1.580s] INFO:colcon.colcon_core.shell:Creating environment hook '/home/itolab-chotaro/ros2_detect_ws/install/ros2_detection/share/ros2_detection/hook/cmake_prefix_path.sh'
[1.581s] Level 1:colcon.colcon_core.environment:checking '/home/itolab-chotaro/ros2_detect_ws/install/ros2_detection/bin'
[1.581s] Level 1:colcon.colcon_core.environment:checking '/home/itolab-chotaro/ros2_detect_ws/install/ros2_detection/lib/pkgconfig/ros2_detection.pc'
[1.581s] Level 1:colcon.colcon_core.environment:checking '/home/itolab-chotaro/ros2_detect_ws/install/ros2_detection/lib/python3.6/site-packages'
[1.582s] INFO:colcon.colcon_core.shell:Creating package script '/home/itolab-chotaro/ros2_detect_ws/install/ros2_detection/share/ros2_detection/package.ps1'
[1.583s] INFO:colcon.colcon_core.shell:Creating package descriptor '/home/itolab-chotaro/ros2_detect_ws/install/ros2_detection/share/ros2_detection/package.dsv'
[1.583s] INFO:colcon.colcon_core.shell:Creating package script '/home/itolab-chotaro/ros2_detect_ws/install/ros2_detection/share/ros2_detection/package.sh'
[1.584s] INFO:colcon.colcon_core.shell:Creating package script '/home/itolab-chotaro/ros2_detect_ws/install/ros2_detection/share/ros2_detection/package.bash'
[1.585s] INFO:colcon.colcon_core.shell:Creating package script '/home/itolab-chotaro/ros2_detect_ws/install/ros2_detection/share/ros2_detection/package.zsh'
[1.586s] Level 1:colcon.colcon_core.environment:create_file_with_runtime_dependencies(/home/itolab-chotaro/ros2_detect_ws/install/ros2_detection/share/colcon-core/packages/ros2_detection)
[1.601s] Level 1:colcon.colcon_core.environment:create_environment_scripts_only(ros2_detection)
[1.602s] Level 1:colcon.colcon_core.environment:checking '/home/itolab-chotaro/ros2_detect_ws/install/ros2_detection' for CMake module files
[1.603s] Level 1:colcon.colcon_core.environment:checking '/home/itolab-chotaro/ros2_detect_ws/install/ros2_detection' for CMake config files
[1.603s] Level 1:colcon.colcon_core.shell:create_environment_hook('ros2_detection', 'cmake_prefix_path')
[1.604s] INFO:colcon.colcon_core.shell:Creating environment hook '/home/itolab-chotaro/ros2_detect_ws/install/ros2_detection/share/ros2_detection/hook/cmake_prefix_path.ps1'
[1.604s] INFO:colcon.colcon_core.shell:Creating environment descriptor '/home/itolab-chotaro/ros2_detect_ws/install/ros2_detection/share/ros2_detection/hook/cmake_prefix_path.dsv'
[1.604s] INFO:colcon.colcon_core.shell:Creating environment hook '/home/itolab-chotaro/ros2_detect_ws/install/ros2_detection/share/ros2_detection/hook/cmake_prefix_path.sh'
[1.605s] Level 1:colcon.colcon_core.environment:checking '/home/itolab-chotaro/ros2_detect_ws/install/ros2_detection/bin'
[1.605s] Level 1:colcon.colcon_core.environment:checking '/home/itolab-chotaro/ros2_detect_ws/install/ros2_detection/lib/pkgconfig/ros2_detection.pc'
[1.605s] Level 1:colcon.colcon_core.environment:checking '/home/itolab-chotaro/ros2_detect_ws/install/ros2_detection/lib/python3.6/site-packages'
[1.606s] INFO:colcon.colcon_core.shell:Creating package script '/home/itolab-chotaro/ros2_detect_ws/install/ros2_detection/share/ros2_detection/package.ps1'
[1.607s] INFO:colcon.colcon_core.shell:Creating package descriptor '/home/itolab-chotaro/ros2_detect_ws/install/ros2_detection/share/ros2_detection/package.dsv'
[1.607s] INFO:colcon.colcon_core.shell:Creating package script '/home/itolab-chotaro/ros2_detect_ws/install/ros2_detection/share/ros2_detection/package.sh'
[1.607s] INFO:colcon.colcon_core.shell:Creating package script '/home/itolab-chotaro/ros2_detect_ws/install/ros2_detection/share/ros2_detection/package.bash'
[1.608s] INFO:colcon.colcon_core.shell:Creating package script '/home/itolab-chotaro/ros2_detect_ws/install/ros2_detection/share/ros2_detection/package.zsh'
[1.608s] Level 1:colcon.colcon_core.environment:create_file_with_runtime_dependencies(/home/itolab-chotaro/ros2_detect_ws/install/ros2_detection/share/colcon-core/packages/ros2_detection)
[1.608s] DEBUG:colcon.colcon_parallel_executor.executor.parallel:closing loop
[1.609s] DEBUG:colcon.colcon_parallel_executor.executor.parallel:loop closed
[1.609s] DEBUG:colcon.colcon_parallel_executor.executor.parallel:run_until_complete finished with '0'
[1.609s] DEBUG:colcon.colcon_core.event_reactor:joining thread
[1.619s] INFO:colcon.colcon_core.plugin_system:Skipping extension 'colcon_notification.desktop_notification.terminal_notifier': Not used on non-Darwin systems
[1.619s] INFO:colcon.colcon_core.plugin_system:Skipping extension 'colcon_notification.desktop_notification.win32': Not used on non-Windows systems
[1.619s] INFO:colcon.colcon_notification.desktop_notification:Sending desktop notification using 'notify2'
[1.623s] DEBUG:colcon.colcon_core.event_reactor:joined thread
[1.624s] INFO:colcon.colcon_core.shell:Creating prefix script '/home/itolab-chotaro/ros2_detect_ws/install/local_setup.ps1'
[1.627s] INFO:colcon.colcon_core.shell:Creating prefix util module '/home/itolab-chotaro/ros2_detect_ws/install/_local_setup_util_ps1.py'
[1.629s] INFO:colcon.colcon_core.shell:Creating prefix chain script '/home/itolab-chotaro/ros2_detect_ws/install/setup.ps1'
[1.632s] INFO:colcon.colcon_core.shell:Creating prefix script '/home/itolab-chotaro/ros2_detect_ws/install/local_setup.sh'
[1.633s] INFO:colcon.colcon_core.shell:Creating prefix util module '/home/itolab-chotaro/ros2_detect_ws/install/_local_setup_util_sh.py'
[1.634s] INFO:colcon.colcon_core.shell:Creating prefix chain script '/home/itolab-chotaro/ros2_detect_ws/install/setup.sh'
[1.637s] INFO:colcon.colcon_core.shell:Creating prefix script '/home/itolab-chotaro/ros2_detect_ws/install/local_setup.bash'
[1.637s] INFO:colcon.colcon_core.shell:Creating prefix chain script '/home/itolab-chotaro/ros2_detect_ws/install/setup.bash'
[1.640s] INFO:colcon.colcon_core.shell:Creating prefix script '/home/itolab-chotaro/ros2_detect_ws/install/local_setup.zsh'
[1.641s] INFO:colcon.colcon_core.shell:Creating prefix chain script '/home/itolab-chotaro/ros2_detect_ws/install/setup.zsh'
