-- The C compiler identification is GNU 7.5.0
-- The CXX compiler identification is GNU 7.5.0
-- Detecting C compiler ABI info
-- Detecting C compiler ABI info - done
-- Check for working C compiler: /usr/bin/cc - skipped
-- Detecting C compile features
-- Detecting C compile features - done
-- Detecting CXX compiler ABI info
-- Detecting CXX compiler ABI info - done
-- Check for working CXX compiler: /usr/bin/c++ - skipped
-- Detecting CXX compile features
-- Detecting CXX compile features - done
-- Found ament_cmake: 0.7.6 (/opt/ros/dashing/share/ament_cmake/cmake)
-- Found PythonInterp: /home/itolab-chotaro/.pyenv/shims/python3 (found suitable version "3.6.9", minimum required is "3") 
-- Using PYTHON_EXECUTABLE: /home/itolab-chotaro/.pyenv/shims/python3
-- Found ament_lint_auto: 0.7.12 (/opt/ros/dashing/share/ament_lint_auto/cmake)
-- Added test 'copyright' to check for copyright in CMake / C / C++ / Python code
-- Added test 'flake8' to check Python code syntax and style conventions
-- Added test 'lint_cmake' to check CMake code style
-- Added test 'pep257' to check Python code against some of the style conventions in PEP 257
-- Added test 'xmllint' to check XML markup files
-- Configuring done
-- Generating done
-- Build files have been written to: /home/itolab-chotaro/ros2_detect_ws/build/ros2_detection
-- Install configuration: ""
-- Installing: /home/itolab-chotaro/ros2_detect_ws/install/ros2_detection/share/ament_index/resource_index/package_run_dependencies/ros2_detection
-- Installing: /home/itolab-chotaro/ros2_detect_ws/install/ros2_detection/share/ament_index/resource_index/parent_prefix_path/ros2_detection
-- Installing: /home/itolab-chotaro/ros2_detect_ws/install/ros2_detection/share/ros2_detection/environment/ament_prefix_path.sh
-- Installing: /home/itolab-chotaro/ros2_detect_ws/install/ros2_detection/share/ros2_detection/environment/path.sh
-- Installing: /home/itolab-chotaro/ros2_detect_ws/install/ros2_detection/share/ros2_detection/local_setup.bash
-- Installing: /home/itolab-chotaro/ros2_detect_ws/install/ros2_detection/share/ros2_detection/local_setup.sh
-- Installing: /home/itolab-chotaro/ros2_detect_ws/install/ros2_detection/share/ros2_detection/local_setup.zsh
-- Installing: /home/itolab-chotaro/ros2_detect_ws/install/ros2_detection/share/ament_index/resource_index/packages/ros2_detection
-- Installing: /home/itolab-chotaro/ros2_detect_ws/install/ros2_detection/share/ros2_detection/cmake/ros2_detectionConfig.cmake
-- Installing: /home/itolab-chotaro/ros2_detect_ws/install/ros2_detection/share/ros2_detection/cmake/ros2_detectionConfig-version.cmake
-- Installing: /home/itolab-chotaro/ros2_detect_ws/install/ros2_detection/share/ros2_detection/package.xml
