[0.017s] Invoking command in '/home/itolab-chotaro/ros2_detect_ws/build/ros2_detection': CMAKE_PREFIX_PATH=/opt/ros/dashing:${CMAKE_PREFIX_PATH} /home/itolab-chotaro/cmake-3.20.1/bin/cmake /home/itolab-chotaro/ros2_detect_ws/src/ros2_detection -DCMAKE_INSTALL_PREFIX=/home/itolab-chotaro/ros2_detect_ws/install/ros2_detection
[0.312s] -- The C compiler identification is GNU 7.5.0
[0.520s] -- The CXX compiler identification is GNU 7.5.0
[0.529s] -- Detecting C compiler ABI info
[0.575s] -- Detecting C compiler ABI info - done
[0.582s] -- Check for working C compiler: /usr/bin/cc - skipped
[0.582s] -- Detecting C compile features
[0.583s] -- Detecting C compile features - done
[0.586s] -- Detecting CXX compiler ABI info
[0.639s] -- Detecting CXX compiler ABI info - done
[0.646s] -- Check for working CXX compiler: /usr/bin/c++ - skipped
[0.646s] -- Detecting CXX compile features
[0.646s] -- Detecting CXX compile features - done
[0.651s] -- Found ament_cmake: 0.7.6 (/opt/ros/dashing/share/ament_cmake/cmake)
[0.739s] -- Found PythonInterp: /home/itolab-chotaro/.pyenv/shims/python3 (found suitable version "3.6.9", minimum required is "3") 
[0.739s] -- Using PYTHON_EXECUTABLE: /home/itolab-chotaro/.pyenv/shims/python3
[1.002s] -- Found ament_lint_auto: 0.7.12 (/opt/ros/dashing/share/ament_lint_auto/cmake)
[1.126s] -- Added test 'copyright' to check for copyright in CMake / C / C++ / Python code
[1.130s] -- Added test 'flake8' to check Python code syntax and style conventions
[1.131s] -- Added test 'lint_cmake' to check CMake code style
[1.131s] -- Added test 'pep257' to check Python code against some of the style conventions in PEP 257
[1.133s] -- Added test 'xmllint' to check XML markup files
[1.135s] -- Configuring done
[1.137s] -- Generating done
[1.137s] -- Build files have been written to: /home/itolab-chotaro/ros2_detect_ws/build/ros2_detection
[1.140s] Invoked command in '/home/itolab-chotaro/ros2_detect_ws/build/ros2_detection' returned '0': CMAKE_PREFIX_PATH=/opt/ros/dashing:${CMAKE_PREFIX_PATH} /home/itolab-chotaro/cmake-3.20.1/bin/cmake /home/itolab-chotaro/ros2_detect_ws/src/ros2_detection -DCMAKE_INSTALL_PREFIX=/home/itolab-chotaro/ros2_detect_ws/install/ros2_detection
[1.142s] Invoking command in '/home/itolab-chotaro/ros2_detect_ws/build/ros2_detection': CMAKE_PREFIX_PATH=/opt/ros/dashing:${CMAKE_PREFIX_PATH} /home/itolab-chotaro/cmake-3.20.1/bin/cmake --build /home/itolab-chotaro/ros2_detect_ws/build/ros2_detection -- -j6 -l6
[1.156s] Invoked command in '/home/itolab-chotaro/ros2_detect_ws/build/ros2_detection' returned '0': CMAKE_PREFIX_PATH=/opt/ros/dashing:${CMAKE_PREFIX_PATH} /home/itolab-chotaro/cmake-3.20.1/bin/cmake --build /home/itolab-chotaro/ros2_detect_ws/build/ros2_detection -- -j6 -l6
[1.174s] Invoking command in '/home/itolab-chotaro/ros2_detect_ws/build/ros2_detection': CMAKE_PREFIX_PATH=/opt/ros/dashing:${CMAKE_PREFIX_PATH} /home/itolab-chotaro/cmake-3.20.1/bin/cmake --install /home/itolab-chotaro/ros2_detect_ws/build/ros2_detection
[1.177s] -- Install configuration: ""
[1.177s] -- Installing: /home/itolab-chotaro/ros2_detect_ws/install/ros2_detection/share/ament_index/resource_index/package_run_dependencies/ros2_detection
[1.177s] -- Installing: /home/itolab-chotaro/ros2_detect_ws/install/ros2_detection/share/ament_index/resource_index/parent_prefix_path/ros2_detection
[1.177s] -- Installing: /home/itolab-chotaro/ros2_detect_ws/install/ros2_detection/share/ros2_detection/environment/ament_prefix_path.sh
[1.177s] -- Installing: /home/itolab-chotaro/ros2_detect_ws/install/ros2_detection/share/ros2_detection/environment/path.sh
[1.177s] -- Installing: /home/itolab-chotaro/ros2_detect_ws/install/ros2_detection/share/ros2_detection/local_setup.bash
[1.177s] -- Installing: /home/itolab-chotaro/ros2_detect_ws/install/ros2_detection/share/ros2_detection/local_setup.sh
[1.177s] -- Installing: /home/itolab-chotaro/ros2_detect_ws/install/ros2_detection/share/ros2_detection/local_setup.zsh
[1.178s] -- Installing: /home/itolab-chotaro/ros2_detect_ws/install/ros2_detection/share/ament_index/resource_index/packages/ros2_detection
[1.178s] -- Installing: /home/itolab-chotaro/ros2_detect_ws/install/ros2_detection/share/ros2_detection/cmake/ros2_detectionConfig.cmake
[1.178s] -- Installing: /home/itolab-chotaro/ros2_detect_ws/install/ros2_detection/share/ros2_detection/cmake/ros2_detectionConfig-version.cmake
[1.178s] -- Installing: /home/itolab-chotaro/ros2_detect_ws/install/ros2_detection/share/ros2_detection/package.xml
[1.179s] Invoked command in '/home/itolab-chotaro/ros2_detect_ws/build/ros2_detection' returned '0': CMAKE_PREFIX_PATH=/opt/ros/dashing:${CMAKE_PREFIX_PATH} /home/itolab-chotaro/cmake-3.20.1/bin/cmake --install /home/itolab-chotaro/ros2_detect_ws/build/ros2_detection
